<?xml version="1.0" encoding="UTF-8"?>
<!-- Generated by org.testng.reporters.JUnitXMLReporter -->
<testsuite hostname="DESKTOP-OU50UTA" failures="0" tests="3" name="Default test" time="108.366" errors="0" timestamp="7 Dec 2020 01:42:53 GMT">
  <testcase classname="com.framework.qa.testcases.LoginPageTest" name="loginPageTitleTest" time="0.32"/>
  <testcase classname="com.framework.qa.testcases.LoginPageTest" name="crmLogoTest" time="0.186"/>
  <testcase classname="com.framework.qa.testcases.LoginPageTest" name="loginTest" time="38.232"/>
</testsuite> <!-- Default test -->
