<?xml version="1.0" encoding="UTF-8"?>
<!-- Generated by org.testng.reporters.JUnitXMLReporter -->
<testsuite ignored="3" hostname="DESKTOP-OU50UTA" failures="0" tests="3" name="Command line test" time="44.972" errors="0" timestamp="29 Sep 2020 18:13:46 GMT">
  <testcase classname="com.framework.qa.testcases.LoginPageTest" name="crmLogoTest" time="0.114"/>
  <testcase classname="com.framework.qa.testcases.LoginPageTest" name="loginPageTitleTest" time="0.049"/>
  <testcase classname="com.framework.qa.testcases.LoginPageTest" name="loginTest" time="7.392"/>
  <testcase classname="com.framework.qa.testcases.ContactsPageTest" name="selectMultipleContactsByNameTest" time="0.0">
    <ignored/>
  </testcase> <!-- selectMultipleContactsByNameTest -->
  <testcase classname="com.framework.qa.testcases.ContactsPageTest" name="selectContactByNameTest" time="0.0">
    <ignored/>
  </testcase> <!-- selectContactByNameTest -->
  <testcase classname="com.framework.qa.testcases.ContactsPageTest" name="verifyContactsLabelTest" time="0.0">
    <ignored/>
  </testcase> <!-- verifyContactsLabelTest -->
</testsuite> <!-- Command line test -->
