<?xml version="1.0" encoding="UTF-8"?>
<!-- Generated by org.testng.reporters.JUnitXMLReporter -->
<testsuite ignored="0" hostname="DESKTOP-OU50UTA" failures="0" tests="3" name="Free CRM Application Test" time="58.049" errors="0" timestamp="07 Dec 2020 01:24:27 GMT">
  <testcase classname="com.framework.qa.testcases.LoginPageTest" name="@BeforeMethod setUp" time="56.893">
    <failure type="java.lang.VerifyError" message="Expecting a stackmap frame at branch target 81
Exception Details:
  Location:
    com/framework/qa/pages/LoginPage.login(Ljava/lang/String;Ljava/lang/String;)Lcom/framework/qa/pages/HomePage; @19: invokestatic
  Reason:
    Expected stackmap frame at this location.
  Bytecode:
    0000000: 2b3a 042c 3a05 b200 742a 2a19 0419 05b8
    0000010: 0077 4eb8 0063 2db6 0067 2ab4 003e 04bd
    0000020: 0040 5903 2b53 b900 4202 002a b400 4604
    0000030: bd00 4059 032c 53b9 0042 0200 2ab4 0048
    0000040: b900 4a01 00bb 004d 59b7 004f 3a07 a700
    0000050: 103a 06b8 0063 1906 b600 6b19 06bf b800
    0000060: 63b6 006e 1907 b0                      
  Exception Handler Table:
    bci [19, 81] =&amp;gt; handler: 81
">
      <![CDATA[java.lang.VerifyError: Expecting a stackmap frame at branch target 81
Exception Details:
  Location:
    com/framework/qa/pages/LoginPage.login(Ljava/lang/String;Ljava/lang/String;)Lcom/framework/qa/pages/HomePage; @19: invokestatic
  Reason:
    Expected stackmap frame at this location.
  Bytecode:
    0000000: 2b3a 042c 3a05 b200 742a 2a19 0419 05b8
    0000010: 0077 4eb8 0063 2db6 0067 2ab4 003e 04bd
    0000020: 0040 5903 2b53 b900 4202 002a b400 4604
    0000030: bd00 4059 032c 53b9 0042 0200 2ab4 0048
    0000040: b900 4a01 00bb 004d 59b7 004f 3a07 a700
    0000050: 103a 06b8 0063 1906 b600 6b19 06bf b800
    0000060: 63b6 006e 1907 b0                      
  Exception Handler Table:
    bci [19, 81] => handler: 81

at com.framework.qa.testcases.LoginPageTest.setUp(LoginPageTest.java:26)
... Removed 28 stack frames]]>
    </failure>
  </testcase> <!-- @BeforeMethod setUp -->
  <testcase classname="com.framework.qa.testcases.LoginPageTest" name="@AfterMethod tearDown" time="0.0">
    <skipped/>
  </testcase> <!-- @AfterMethod tearDown -->
  <testcase classname="com.framework.qa.testcases.LoginPageTest" name="@BeforeMethod setUp" time="0.0">
    <skipped/>
  </testcase> <!-- @BeforeMethod setUp -->
  <testcase classname="com.framework.qa.testcases.LoginPageTest" name="@AfterMethod tearDown" time="0.0">
    <skipped/>
  </testcase> <!-- @AfterMethod tearDown -->
  <testcase classname="com.framework.qa.testcases.LoginPageTest" name="@BeforeMethod setUp" time="0.0">
    <skipped/>
  </testcase> <!-- @BeforeMethod setUp -->
  <testcase classname="com.framework.qa.testcases.LoginPageTest" name="@AfterMethod tearDown" time="0.0">
    <skipped/>
  </testcase> <!-- @AfterMethod tearDown -->
  <testcase classname="com.framework.qa.testcases.LoginPageTest" name="loginPageTitleTest" time="0.0">
    <skipped/>
  </testcase> <!-- loginPageTitleTest -->
  <testcase classname="com.framework.qa.testcases.LoginPageTest" name="crmLogoTest" time="0.0">
    <skipped/>
  </testcase> <!-- crmLogoTest -->
  <testcase classname="com.framework.qa.testcases.LoginPageTest" name="loginTest" time="0.0">
    <skipped/>
  </testcase> <!-- loginTest -->
</testsuite> <!-- Free CRM Application Test -->
