<?xml version="1.0" encoding="UTF-8"?>
<!-- Generated by org.testng.reporters.JUnitXMLReporter -->
<testsuite ignored="0" hostname="DESKTOP-OU50UTA" failures="0" tests="4" name="Free CRM Application Test" time="105.454" errors="0" timestamp="04 Oct 2020 16:47:19 GMT">
  <testcase classname="com.framework.qa.testcases.LoginPageTest" name="loginDemo" time="0.145"/>
  <testcase classname="com.framework.qa.testcases.LoginPageTest" name="loginPageTitleTest" time="0.122"/>
  <testcase classname="com.framework.qa.testcases.LoginPageTest" name="crmLogoTest" time="0.223"/>
  <testcase classname="com.framework.qa.testcases.LoginPageTest" name="loginTest" time="18.368"/>
</testsuite> <!-- Free CRM Application Test -->
