<?xml version="1.0" encoding="UTF-8"?>
<testng-results ignored="3" total="6" passed="3" failed="0" skipped="0">
  <reporter-output>
  </reporter-output>
  <suite started-at="2020-09-29T18:13:01Z" name="Command line suite" finished-at="2020-09-29T18:13:46Z" duration-ms="44972">
    <groups>
    </groups>
    <test started-at="2020-09-29T18:13:01Z" name="Command line test" finished-at="2020-09-29T18:13:46Z" duration-ms="44972">
      <class name="com.framework.qa.testcases.LoginPageTest">
        <test-method is-config="true" signature="setUp()[pri:0, instance:com.framework.qa.testcases.LoginPageTest@4a22f9e2]" started-at="2020-09-29T18:13:01Z" name="setUp" finished-at="2020-09-29T18:13:20Z" duration-ms="18741" status="PASS">
          <reporter-output>
          </reporter-output>
        </test-method> <!-- setUp -->
        <test-method signature="crmLogoTest()[pri:0, instance:com.framework.qa.testcases.LoginPageTest@4a22f9e2]" started-at="2020-09-29T18:13:20Z" name="crmLogoTest" finished-at="2020-09-29T18:13:20Z" duration-ms="114" status="PASS">
          <reporter-output>
          </reporter-output>
        </test-method> <!-- crmLogoTest -->
        <test-method is-config="true" signature="tearDown()[pri:0, instance:com.framework.qa.testcases.LoginPageTest@4a22f9e2]" started-at="2020-09-29T18:13:20Z" name="tearDown" finished-at="2020-09-29T18:13:21Z" duration-ms="921" status="PASS">
          <reporter-output>
          </reporter-output>
        </test-method> <!-- tearDown -->
        <test-method is-config="true" signature="setUp()[pri:0, instance:com.framework.qa.testcases.LoginPageTest@4a22f9e2]" started-at="2020-09-29T18:13:21Z" name="setUp" finished-at="2020-09-29T18:13:29Z" duration-ms="8211" status="PASS">
          <reporter-output>
          </reporter-output>
        </test-method> <!-- setUp -->
        <test-method signature="loginPageTitleTest()[pri:0, instance:com.framework.qa.testcases.LoginPageTest@4a22f9e2]" started-at="2020-09-29T18:13:29Z" name="loginPageTitleTest" finished-at="2020-09-29T18:13:29Z" duration-ms="49" status="PASS">
          <reporter-output>
          </reporter-output>
        </test-method> <!-- loginPageTitleTest -->
        <test-method is-config="true" signature="tearDown()[pri:0, instance:com.framework.qa.testcases.LoginPageTest@4a22f9e2]" started-at="2020-09-29T18:13:29Z" name="tearDown" finished-at="2020-09-29T18:13:30Z" duration-ms="614" status="PASS">
          <reporter-output>
          </reporter-output>
        </test-method> <!-- tearDown -->
        <test-method is-config="true" signature="setUp()[pri:0, instance:com.framework.qa.testcases.LoginPageTest@4a22f9e2]" started-at="2020-09-29T18:13:30Z" name="setUp" finished-at="2020-09-29T18:13:38Z" duration-ms="8070" status="PASS">
          <reporter-output>
          </reporter-output>
        </test-method> <!-- setUp -->
        <test-method signature="loginTest()[pri:0, instance:com.framework.qa.testcases.LoginPageTest@4a22f9e2]" started-at="2020-09-29T18:13:38Z" name="loginTest" finished-at="2020-09-29T18:13:45Z" duration-ms="7392" status="PASS">
          <reporter-output>
          </reporter-output>
        </test-method> <!-- loginTest -->
        <test-method is-config="true" signature="tearDown()[pri:0, instance:com.framework.qa.testcases.LoginPageTest@4a22f9e2]" started-at="2020-09-29T18:13:45Z" name="tearDown" finished-at="2020-09-29T18:13:46Z" duration-ms="791" status="PASS">
          <reporter-output>
          </reporter-output>
        </test-method> <!-- tearDown -->
      </class> <!-- com.framework.qa.testcases.LoginPageTest -->
    </test> <!-- Command line test -->
  </suite> <!-- Command line suite -->
</testng-results>
