<?xml version="1.0" encoding="UTF-8"?>
<testsuite xmlns:xsi="http://www.w3.org/2001/XMLSchema-instance" xsi:noNamespaceSchemaLocation="https://maven.apache.org/surefire/maven-surefire-plugin/xsd/surefire-test-report.xsd" name="TestSuite" time="109.112" tests="4" errors="0" skipped="0" failures="0">
  <properties>
[...]
</properties>
  <testcase name="loginDemo" classname="com.framework.qa.testcases.LoginPageTest" time="0.156"/>
  <testcase name="loginPageTitleTest" classname="com.framework.qa.testcases.LoginPageTest" time="0.067"/>
  <testcase name="crmLogoTest" classname="com.framework.qa.testcases.LoginPageTest" time="0.209"/>
  <testcase name="loginTest" classname="com.framework.qa.testcases.LoginPageTest" time="18.38"/>
</testsuite>